# JRE version: OpenJDK Runtime Environment Temurin-17.0.5+8 (17.0.5+8) (build 17.0.5+8)
# Java VM: OpenJDK 64-Bit Server VM Temurin-17.0.5+8 (17.0.5+8, mixed mode, emulated-client, tiered, compressed oops, compressed class ptrs, g1 gc, windows-amd64)
GC Precious Log:
 CPUs: 2 total, 2 available
 Memory: 2008M
 Large Page Support: Disabled
 NUMA Support: Disabled
 Compressed Oops: Enabled (32-bit)
 Heap Region Size: 1M
 Heap Min Capacity: 8M
 Heap Initial Capacity: 32M
 Heap Max Capacity: 504M
 Pre-touch: Disabled
 Parallel Workers: 2
 Concurrent Workers: 1
 Concurrent Refinement Workers: 2
 Periodic GC: Disabled
Heap:
 garbage-first heap   total 52224K, used 17910K [0x00000000e0800000, 0x0000000100000000)
  region size 1024K, 8 young (8192K), 4 survivors (4096K)
 Metaspace       used 31394K, committed 31744K, reserved 1081344K
  class space    used 3886K, committed 4096K, reserved 1048576K
GC Heap History (20 events):
Event: 12.587 GC heap before
{Heap before GC invocations=1 (full 0):
 garbage-first heap   total 32768K, used 7981K [0x00000000e0800000, 0x0000000100000000)
  region size 1024K, 4 young (4096K), 1 survivors (1024K)
 Metaspace       used 9103K, committed 9216K, reserved 1064960K
  class space    used 874K, committed 960K, reserved 1048576K
}
Event: 12.593 GC heap after
{Heap after GC invocations=2 (full 0):
 garbage-first heap   total 32768K, used 6521K [0x00000000e0800000, 0x0000000100000000)
  region size 1024K, 1 young (1024K), 1 survivors (1024K)
 Metaspace       used 9103K, committed 9216K, reserved 1064960K
  class space    used 874K, committed 960K, reserved 1048576K
}
Event: 23.039 GC heap before
{Heap before GC invocations=2 (full 0):
 garbage-first heap   total 32768K, used 11641K [0x00000000e0800000, 0x0000000100000000)
  region size 1024K, 7 young (7168K), 1 survivors (1024K)
 Metaspace       used 13833K, committed 14016K, reserved 1064960K
  class space    used 1421K, committed 1536K, reserved 1048576K
}
Event: 23.050 GC heap after
{Heap after GC invocations=3 (full 0):
 garbage-first heap   total 32768K, used 7906K [0x00000000e0800000, 0x0000000100000000)
  region size 1024K, 1 young (1024K), 1 survivors (1024K)
 Metaspace       used 13833K, committed 14016K, reserved 1064960K
  class space    used 1421K, committed 1536K, reserved 1048576K
}
Event: 23.950 GC heap before
{Heap before GC invocations=3 (full 0):
 garbage-first heap   total 32768K, used 15074K [0x00000000e0800000, 0x0000000100000000)
  region size 1024K, 8 young (8192K), 1 survivors (1024K)
 Metaspace       used 15524K, committed 15808K, reserved 1064960K
  class space    used 1643K, committed 1792K, reserved 1048576K
}
Event: 23.965 GC heap after
{Heap after GC invocations=4 (full 0):
 garbage-first heap   total 32768K, used 8809K [0x00000000e0800000, 0x0000000100000000)
  region size 1024K, 1 young (1024K), 1 survivors (1024K)
 Metaspace       used 15524K, committed 15808K, reserved 1064960K
  class space    used 1643K, committed 1792K, reserved 1048576K
}
Event: 24.598 GC heap before
{Heap before GC invocations=4 (full 0):
 garbage-first heap   total 32768K, used 17001K [0x00000000e0800000, 0x0000000100000000)
  region size 1024K, 9 young (9216K), 1 survivors (1024K)
 Metaspace       used 17030K, committed 17216K, reserved 1064960K
  class space    used 1829K, committed 1920K, reserved 1048576K
}
Event: 24.604 GC heap after
{Heap after GC invocations=5 (full 0):
 garbage-first heap   total 32768K, used 9020K [0x00000000e0800000, 0x0000000100000000)
  region size 1024K, 2 young (2048K), 2 survivors (2048K)
 Metaspace       used 17030K, committed 17216K, reserved 1064960K
  class space    used 1829K, committed 1920K, reserved 1048576K
}
Event: 25.459 GC heap before
{Heap before GC invocations=5 (full 0):
 garbage-first heap   total 32768K, used 19260K [0x00000000e0800000, 0x0000000100000000)
  region size 1024K, 13 young (13312K), 2 survivors (2048K)
 Metaspace       used 19105K, committed 19392K, reserved 1073152K
  class space    used 2196K, committed 2368K, reserved 1048576K
}
Event: 25.469 GC heap after
{Heap after GC invocations=6 (full 0):
 garbage-first heap   total 32768K, used 9947K [0x00000000e0800000, 0x0000000100000000)
  region size 1024K, 2 young (2048K), 2 survivors (2048K)
 Metaspace       used 19105K, committed 19392K, reserved 1073152K
  class space    used 2196K, committed 2368K, reserved 1048576K
}
Event: 25.807 GC heap before
{Heap before GC invocations=6 (full 0):
 garbage-first heap   total 32768K, used 18139K [0x00000000e0800000, 0x0000000100000000)
  region size 1024K, 11 young (11264K), 2 survivors (2048K)
 Metaspace       used 21317K, committed 21504K, reserved 1073152K
  class space    used 2448K, committed 2560K, reserved 1048576K
}
Event: 25.815 GC heap after
{Heap after GC invocations=7 (full 0):
 garbage-first heap   total 32768K, used 10293K [0x00000000e0800000, 0x0000000100000000)
  region size 1024K, 2 young (2048K), 2 survivors (2048K)
 Metaspace       used 21317K, committed 21504K, reserved 1073152K
  class space    used 2448K, committed 2560K, reserved 1048576K
}
Event: 26.568 GC heap before
{Heap before GC invocations=8 (full 0):
 garbage-first heap   total 32768K, used 20533K [0x00000000e0800000, 0x0000000100000000)
  region size 1024K, 13 young (13312K), 2 survivors (2048K)
 Metaspace       used 23944K, committed 24256K, reserved 1073152K
  class space    used 2787K, committed 2944K, reserved 1048576K
}
Event: 26.578 GC heap after
{Heap after GC invocations=9 (full 0):
 garbage-first heap   total 32768K, used 10777K [0x00000000e0800000, 0x0000000100000000)
  region size 1024K, 1 young (1024K), 1 survivors (1024K)
 Metaspace       used 23944K, committed 24256K, reserved 1073152K
  class space    used 2787K, committed 2944K, reserved 1048576K
}
Event: 27.669 GC heap before
{Heap before GC invocations=9 (full 0):
 garbage-first heap   total 32768K, used 22041K [0x00000000e0800000, 0x0000000100000000)
  region size 1024K, 13 young (13312K), 1 survivors (1024K)
 Metaspace       used 25393K, committed 25664K, reserved 1073152K
  class space    used 2979K, committed 3136K, reserved 1048576K
}
Event: 27.690 GC heap after
{Heap after GC invocations=10 (full 0):
 garbage-first heap   total 52224K, used 11524K [0x00000000e0800000, 0x0000000100000000)
  region size 1024K, 2 young (2048K), 2 survivors (2048K)
 Metaspace       used 25393K, committed 25664K, reserved 1073152K
  class space    used 2979K, committed 3136K, reserved 1048576K
}
Event: 37.400 GC heap before
{Heap before GC invocations=10 (full 0):
 garbage-first heap   total 52224K, used 39172K [0x00000000e0800000, 0x0000000100000000)
  region size 1024K, 29 young (29696K), 2 survivors (2048K)
 Metaspace       used 28098K, committed 28352K, reserved 1081344K
  class space    used 3401K, committed 3520K, reserved 1048576K
}
Event: 37.412 GC heap after
{Heap after GC invocations=11 (full 0):
 garbage-first heap   total 52224K, used 13216K [0x00000000e0800000, 0x0000000100000000)
  region size 1024K, 4 young (4096K), 4 survivors (4096K)
 Metaspace       used 28098K, committed 28352K, reserved 1081344K
  class space    used 3401K, committed 3520K, reserved 1048576K
}
Event: 47.307 GC heap before
{Heap before GC invocations=11 (full 0):
 garbage-first heap   total 52224K, used 36768K [0x00000000e0800000, 0x0000000100000000)
  region size 1024K, 28 young (28672K), 4 survivors (4096K)
 Metaspace       used 31097K, committed 31424K, reserved 1081344K
  class space    used 3842K, committed 4032K, reserved 1048576K
}
Event: 47.324 GC heap after
{Heap after GC invocations=12 (full 0):
 garbage-first heap   total 52224K, used 14838K [0x00000000e0800000, 0x0000000100000000)
  region size 1024K, 4 young (4096K), 4 survivors (4096K)
 Metaspace       used 31097K, committed 31424K, reserved 1081344K
  class space    used 3842K, committed 4032K, reserved 1048576K
}

